⎯⎯⎯ URL ⎯⎯⎯

http://127.0.0.1
http://127.0.0.1:8443
http://127.0.0.1:8443/api
https://github.com/Lifailon/lazyjournal
https://torapi.vercel.app/api/search/title/kinozal?query=The+Rookie&category=0&page=0&year=0&format=0

⎯⎯⎯ URL and UNIX paths ⎯⎯⎯

/api/v1/notifications?access_token=123&debug=true
/var/log/syslog
./lazyjournal
~/.local/bin/lazyjournal

⎯⎯⎯ JSON (double quotes and braces) ⎯⎯⎯

{"level":"info","version":"v8.14.6","time":"2025-12-05T03:23:46Z","message":"Dozzle version v8.14.6"}
{"level":"error","version":"v8.14.6","host":"rpi-106","error":"unexpected EOF","time":"2025-12-06T08:32:37Z","message":"unexpected error while listening to docker events"}

⎯⎯⎯ UNIX processes ⎯⎯⎯

systemd[1]: system started
dockerd[123]: container stopped
kernel: system running
rsyslogd: rsyslog running
sudo: service was restarted

⎯⎯⎯ HTTP status codes and methods ⎯⎯⎯

200 201 302 304 
400 401 404 502 

GET
POST
PUT
PATCH
TRACE
OPTIONS
CONNECT
DELETE

⎯⎯⎯ Statuses ⎯⎯⎯

DONE, WARNING, WARN, DEBUG, INFO, NOTICE
ERROR, CRIT, ALERT, EMERG, FAIL, FATAL

⎯⎯⎯ Numbers ⎯⎯⎯

Byte: 0x04
DateTime: 2025-02-26T21:38:35.956968+03:00
Timestamp: 2025-04-07T14:10:09.028022923Z
Date: 20.03.2025, 2025.03.20, 2025-03-20, 20-03-2025, 20/03/2025, 2025/03/20
Time: 11:11, 11:11:11
MAC address: 11:11:11:11:11:11, 11-11-11-11-11-11
IP address: 127.0.0.1, 127.0.0.1:8443, 255.255.255.255/24
Versions: 1.0, 1.0.7
Percentage: 1%, 50%, 100%
Integers: 1, 10, 100, (1), [10], {100}, "1000"

⎯⎯⎯ Warnings and known names (yellow) ⎯⎯⎯

warnings, warning, warn
lifailon, root, daemon

⎯⎯⎯ Success (green) ⎯⎯⎯

unblocking, unblocked, unblock
successfully, successful, succeeded, succeed, success
completed, completing, completion, completes, complete
accepted, accepting, acception, acceptance, acceptable, acceptably, accepte, accepts, accept
connected, connecting, connection, connects, connect
finished, finishing, finish
started, starting, startup, start
enabled, enables, enable
allowed, allowing, allow
passed, passing
ready, available, running, installed
true, done

⎯⎯⎯ Errors (red) ⎯⎯⎯

stderr, errors, error, erro, err
disconnected, disconnection, disconnects, disconnect, disabled, disabling, disable
crashed, crashing, crash
deletion, deleted, deleting, deletes, delete
removing, removed, removes, remove
stopping, stopped, stoped, stops, stop
invalidation, invalidating, invalidated, invalidate, invalid
aborted, aborting, abort
blocked, blocker, blocking, blocks, block
inactive, deactivated, deactivating, deactivate
exited, exiting, exits, exit
critical, critic, crit
failed, failure, failing, fails, fail
fatality, fataling, fatals, fatal
closed, closing, close
dropped, droping, drops, drop
panicked, panics, panic
emergency, emerg
rejecting, rejection, rejected, reject
refusing, refused, refuses, refuse
denied, unavailable, unknown, unsuccessful, unauthorized, forbidden, conflict, severe
false, null, nil, none
Not found
Bad request

⎯⎯⎯ Actions (blue) ⎯⎯⎯

session
logged, login
registered, registration
authenticating, authentication, authenticate, authorization
return, returne, returned
listening, listener, listen
opening, opened, open
created, creating, creates, create
resolved, resolving, resolve, restarting, restarted, restart
reboot, booting, boot
overloading, overloaded, overload, uploading, uploaded, uploads, upload
downloading, downloaded, downloads, download, loading, loaded, load
updates, updated, updating, update
upgrades, upgraded, upgrading, upgrade, setup
synchronization, synchronize, sync
launched, launching, launch
changed, changing, change
cleaning, cleaner, clearing, cleared, clear
skipping, skipped, skip
missing, missed
mountpoint, mounted, mounting, mount
configurations, configuration, configuring, configured, configure, config
reading, readed, read
writing, writed, write
saved, saving, save
paused, pausing, pause
normal, norm
alerting, alert
notifications, notification, notify, noting, notice
informations, information, informing, informed, info
installation, installing, install, initialization, initial
stdout, timeout
debug, verbose, level, status, shutdown